<?xml version="1.0" encoding="utf-8"?><testsuites name="pytest tests"><testsuite name="pytest" errors="0" failures="0" skipped="0" tests="14" time="3.255" timestamp="2026-03-11T21:57:10.214585+00:00" hostname="agent-env-783e0e55-7c61-407e-91df-94d8823aa62c"><testcase classname="backend.tests.test_iteration12_cart_system.TestPromotionValidation" name="test_validate_percentage_promo_ny2026" time="0.281" /><testcase classname="backend.tests.test_iteration12_cart_system.TestPromotionValidation" name="test_validate_fixed_promo_early50" time="0.169" /><testcase classname="backend.tests.test_iteration12_cart_system.TestPromotionValidation" name="test_invalid_promo_code" time="0.168" /><testcase classname="backend.tests.test_iteration12_cart_system.TestProgramsAPI" name="test_get_programs_list" time="0.137" /><testcase classname="backend.tests.test_iteration12_cart_system.TestProgramsAPI" name="test_get_single_program" time="0.119" /><testcase classname="backend.tests.test_iteration12_cart_system.TestProgramsAPI" name="test_get_upcoming_programs" time="0.113" /><testcase classname="backend.tests.test_iteration12_cart_system.TestEnrollmentStart" name="test_start_enrollment_single_participant" time="0.263" /><testcase classname="backend.tests.test_iteration12_cart_system.TestEnrollmentStart" name="test_start_enrollment_multiple_participants" time="0.225" /><testcase classname="backend.tests.test_iteration12_cart_system.TestOTPFlow" name="test_send_otp" time="0.355" /><testcase classname="backend.tests.test_iteration12_cart_system.TestOTPFlow" name="test_verify_otp_mocked" time="0.566" /><testcase classname="backend.tests.test_iteration12_cart_system.TestCurrencyDetection" name="test_detect_currency" time="0.163" /><testcase classname="backend.tests.test_iteration12_cart_system.TestCurrencyDetection" name="test_exchange_rates" time="0.165" /><testcase classname="backend.tests.test_iteration12_cart_system.TestCartCheckoutPrep" name="test_health_check" time="0.291" /><testcase classname="backend.tests.test_iteration12_cart_system.TestCartCheckoutPrep" name="test_settings_endpoint" time="0.140" /></testsuite></testsuites>