<?xml version="1.0" encoding="utf-8"?><testsuites name="pytest tests"><testsuite name="pytest" errors="0" failures="0" skipped="0" tests="18" time="2.393" timestamp="2026-03-10T11:49:03.714018+00:00" hostname="agent-env-8875f4b5-3a9c-409f-8b36-0f63196083f6"><testcase classname="backend.tests.test_iteration5.TestSiteSettings" name="test_get_settings_returns_200" time="0.165" /><testcase classname="backend.tests.test_iteration5.TestSiteSettings" name="test_settings_has_hero_subtitle_color" time="0.122" /><testcase classname="backend.tests.test_iteration5.TestSiteSettings" name="test_settings_has_logo_url" time="0.121" /><testcase classname="backend.tests.test_iteration5.TestSiteSettings" name="test_settings_has_logo_width" time="0.136" /><testcase classname="backend.tests.test_iteration5.TestSiteSettings" name="test_settings_has_hero_video_url" time="0.153" /><testcase classname="backend.tests.test_iteration5.TestHeroVideo" name="test_hero_video_accessible" time="0.214" /><testcase classname="backend.tests.test_iteration5.TestPrograms" name="test_get_programs_returns_200" time="0.111" /><testcase classname="backend.tests.test_iteration5.TestPrograms" name="test_programs_have_deadline_date_field" time="0.110" /><testcase classname="backend.tests.test_iteration5.TestPrograms" name="test_programs_have_is_upcoming_field" time="0.119" /><testcase classname="backend.tests.test_iteration5.TestPrograms" name="test_programs_have_offer_text_field" time="0.102" /><testcase classname="backend.tests.test_iteration5.TestPrograms" name="test_upcoming_programs_filter" time="0.119" /><testcase classname="backend.tests.test_iteration5.TestTestimonials" name="test_get_testimonials_returns_200" time="0.159" /><testcase classname="backend.tests.test_iteration5.TestTestimonials" name="test_testimonials_have_type_field" time="0.110" /><testcase classname="backend.tests.test_iteration5.TestTestimonials" name="test_video_testimonials_have_videoid" time="0.125" /><testcase classname="backend.tests.test_iteration5.TestTestimonials" name="test_graphic_testimonials_have_image" time="0.108" /><testcase classname="backend.tests.test_iteration5.TestTestimonials" name="test_testimonials_count" time="0.104" /><testcase classname="backend.tests.test_iteration5.TestNewsletter" name="test_newsletter_endpoint_exists" time="0.105" /><testcase classname="backend.tests.test_iteration5.TestSessions" name="test_get_sessions_returns_200" time="0.102" /></testsuite></testsuites>