<?xml version="1.0" encoding="utf-8"?><testsuites name="pytest tests"><testsuite name="pytest" errors="0" failures="0" skipped="0" tests="15" time="2.467" timestamp="2026-03-12T10:30:11.586355+00:00" hostname="agent-env-2328cfcd-d3d5-4454-88f5-2ffe4d809803"><testcase classname="tests.test_iteration24_bugfixes.TestSettingsAPINewFields" name="test_settings_api_returns_about_mission_vision_subtitle" time="0.171" /><testcase classname="tests.test_iteration24_bugfixes.TestSettingsAPINewFields" name="test_settings_api_returns_about_name_style" time="0.137" /><testcase classname="tests.test_iteration24_bugfixes.TestSettingsAPINewFields" name="test_settings_api_returns_about_title_style" time="0.100" /><testcase classname="tests.test_iteration24_bugfixes.TestSettingsAPINewFields" name="test_settings_api_returns_about_bio_style" time="0.101" /><testcase classname="tests.test_iteration24_bugfixes.TestSettingsAPINewFields" name="test_settings_api_returns_about_philosophy_style" time="0.107" /><testcase classname="tests.test_iteration24_bugfixes.TestSettingsAPINewFields" name="test_settings_api_returns_about_impact_style" time="0.100" /><testcase classname="tests.test_iteration24_bugfixes.TestSettingsAPINewFields" name="test_settings_api_returns_about_mission_style" time="0.104" /><testcase classname="tests.test_iteration24_bugfixes.TestSettingsAPINewFields" name="test_settings_api_returns_about_vision_style" time="0.112" /><testcase classname="tests.test_iteration24_bugfixes.TestSettingsStyleUpdate" name="test_update_about_name_style" time="0.405" /><testcase classname="tests.test_iteration24_bugfixes.TestSettingsStyleUpdate" name="test_update_about_mission_vision_subtitle" time="0.426" /><testcase classname="tests.test_iteration24_bugfixes.TestProgramsAPI" name="test_programs_list_endpoint" time="0.107" /><testcase classname="tests.test_iteration24_bugfixes.TestProgramsAPI" name="test_program_detail_endpoint" time="0.196" /><testcase classname="tests.test_iteration24_bugfixes.TestTestimonialsAPI" name="test_testimonials_list_endpoint" time="0.105" /><testcase classname="tests.test_iteration24_bugfixes.TestTestimonialsAPI" name="test_testimonial_structure" time="0.108" /><testcase classname="tests.test_iteration24_bugfixes.TestRenderMarkdown" name="test_settings_about_fields_support_markdown" time="0.109" /></testsuite></testsuites>