<?xml version="1.0" encoding="utf-8"?><testsuites name="pytest tests"><testsuite name="pytest" errors="0" failures="0" skipped="0" tests="17" time="3.489" timestamp="2026-03-13T03:57:25.540787+00:00" hostname="agent-env-43c2bb5b-c8c3-45f3-a837-5ad7c93fd519"><testcase classname="backend.tests.test_iteration32_session_extras.TestSessionExtrasCalendar" name="test_get_calendar_returns_defaults" time="0.126" /><testcase classname="backend.tests.test_iteration32_session_extras.TestSessionExtrasCalendar" name="test_update_calendar_available_dates" time="0.281" /><testcase classname="backend.tests.test_iteration32_session_extras.TestSessionExtrasCalendar" name="test_update_calendar_time_slots" time="0.137" /><testcase classname="backend.tests.test_iteration32_session_extras.TestSessionExtrasCalendar" name="test_update_calendar_rules" time="0.208" /><testcase classname="backend.tests.test_iteration32_session_extras.TestSessionTestimonials" name="test_create_testimonial" time="0.121" /><testcase classname="backend.tests.test_iteration32_session_extras.TestSessionTestimonials" name="test_get_testimonials_by_session" time="0.120" /><testcase classname="backend.tests.test_iteration32_session_extras.TestSessionTestimonials" name="test_get_all_testimonials" time="0.117" /><testcase classname="backend.tests.test_iteration32_session_extras.TestSessionTestimonials" name="test_update_testimonial" time="0.326" /><testcase classname="backend.tests.test_iteration32_session_extras.TestSessionTestimonials" name="test_delete_testimonial" time="0.232" /><testcase classname="backend.tests.test_iteration32_session_extras.TestSessionQuestions" name="test_submit_question" time="0.105" /><testcase classname="backend.tests.test_iteration32_session_extras.TestSessionQuestions" name="test_get_questions_list" time="0.107" /><testcase classname="backend.tests.test_iteration32_session_extras.TestSessionQuestions" name="test_reply_to_question" time="0.428" /><testcase classname="backend.tests.test_iteration32_session_extras.TestSessionQuestions" name="test_delete_question" time="0.220" /><testcase classname="backend.tests.test_iteration32_session_extras.TestSessionExtrasSiteSettings" name="test_session_template_in_page_heroes" time="0.110" /><testcase classname="backend.tests.test_iteration32_session_extras.TestSessionExtrasSiteSettings" name="test_update_session_template_styles" time="0.341" /><testcase classname="backend.tests.test_iteration32_session_extras.TestCleanup" name="test_cleanup_test_testimonials" time="0.233" /><testcase classname="backend.tests.test_iteration32_session_extras.TestCleanup" name="test_cleanup_test_questions" time="0.228" /></testsuite></testsuites>