<?xml version="1.0" encoding="utf-8"?><testsuites name="pytest tests"><testsuite name="pytest" errors="0" failures="0" skipped="0" tests="20" time="4.002" timestamp="2026-03-10T09:40:28.272118+00:00" hostname="agent-env-41062823-1c1e-415b-8c4a-d19783015d0f"><testcase classname="backend.tests.test_iteration3_features.TestProgramsAPI" name="test_get_all_programs" time="0.202" /><testcase classname="backend.tests.test_iteration3_features.TestProgramsAPI" name="test_programs_visible_only_filter" time="0.110" /><testcase classname="backend.tests.test_iteration3_features.TestProgramsAPI" name="test_programs_upcoming_only_filter" time="0.128" /><testcase classname="backend.tests.test_iteration3_features.TestProgramsAPI" name="test_programs_combined_filters" time="0.102" /><testcase classname="backend.tests.test_iteration3_features.TestProgramsAPI" name="test_program_type_values" time="0.139" /><testcase classname="backend.tests.test_iteration3_features.TestProgramsAPI" name="test_get_single_program" time="0.228" /><testcase classname="backend.tests.test_iteration3_features.TestProgramVisibilityAndReorder" name="test_toggle_program_visibility" time="0.348" /><testcase classname="backend.tests.test_iteration3_features.TestProgramVisibilityAndReorder" name="test_reorder_programs" time="0.499" /><testcase classname="backend.tests.test_iteration3_features.TestProgramCRUD" name="test_create_program_with_new_fields" time="0.211" /><testcase classname="backend.tests.test_iteration3_features.TestProgramCRUD" name="test_update_program_new_fields" time="0.417" /><testcase classname="backend.tests.test_iteration3_features.TestSessionsAPI" name="test_get_all_sessions" time="0.109" /><testcase classname="backend.tests.test_iteration3_features.TestSessionsAPI" name="test_sessions_visible_only_filter" time="0.103" /><testcase classname="backend.tests.test_iteration3_features.TestSessionsAPI" name="test_session_fields" time="0.104" /><testcase classname="backend.tests.test_iteration3_features.TestSessionsAPI" name="test_get_single_session" time="0.197" /><testcase classname="backend.tests.test_iteration3_features.TestTestimonialsAPI" name="test_get_all_testimonials" time="0.107" /><testcase classname="backend.tests.test_iteration3_features.TestTestimonialsAPI" name="test_testimonials_type_filter_graphic" time="0.114" /><testcase classname="backend.tests.test_iteration3_features.TestTestimonialsAPI" name="test_testimonials_type_filter_video" time="0.110" /><testcase classname="backend.tests.test_iteration3_features.TestTestimonialsAPI" name="test_testimonials_search" time="0.102" /><testcase classname="backend.tests.test_iteration3_features.TestSiteSettingsAPI" name="test_get_settings" time="0.106" /><testcase classname="backend.tests.test_iteration3_features.TestSiteSettingsAPI" name="test_update_settings" time="0.430" /></testsuite></testsuites>