<?xml version="1.0" encoding="utf-8"?><testsuites name="pytest tests"><testsuite name="pytest" errors="0" failures="0" skipped="0" tests="6" time="1.422" timestamp="2026-03-12T15:49:06.592441+00:00" hostname="agent-env-ebca3340-f4af-4a1f-b8b8-bd11889498e7"><testcase classname="backend.tests.test_iteration29_sessions_calendar.TestSessionsCalendarFeatures" name="test_get_all_sessions" time="0.149" /><testcase classname="backend.tests.test_iteration29_sessions_calendar.TestSessionsCalendarFeatures" name="test_create_session_with_available_dates" time="0.178" /><testcase classname="backend.tests.test_iteration29_sessions_calendar.TestSessionsCalendarFeatures" name="test_create_session_with_font_controls" time="0.327" /><testcase classname="backend.tests.test_iteration29_sessions_calendar.TestSessionsCalendarFeatures" name="test_update_session_dates" time="0.344" /><testcase classname="backend.tests.test_iteration29_sessions_calendar.TestSessionsCalendarFeatures" name="test_get_session_with_dates" time="0.242" /><testcase classname="backend.tests.test_iteration29_sessions_calendar.TestExistingSessionsData" name="test_all_sessions_have_required_fields" time="0.116" /></testsuite></testsuites>