<?xml version="1.0" encoding="utf-8"?><testsuites name="pytest tests"><testsuite name="pytest" errors="0" failures="0" skipped="0" tests="26" time="5.356" timestamp="2026-03-10T09:16:51.624032+00:00" hostname="agent-env-41062823-1c1e-415b-8c4a-d19783015d0f"><testcase classname="backend.tests.test_new_features.TestProgramsVisibility" name="test_get_all_programs_includes_visible_field" time="0.186" /><testcase classname="backend.tests.test_new_features.TestProgramsVisibility" name="test_toggle_program_visibility_patch" time="0.324" /><testcase classname="backend.tests.test_new_features.TestProgramsVisibility" name="test_get_programs_visible_only_filter" time="0.214" /><testcase classname="backend.tests.test_new_features.TestProgramsReorder" name="test_programs_are_sorted_by_order" time="0.135" /><testcase classname="backend.tests.test_new_features.TestProgramsReorder" name="test_reorder_programs_patch" time="0.433" /><testcase classname="backend.tests.test_new_features.TestSessionsVisibility" name="test_get_all_sessions_count_and_fields" time="0.109" /><testcase classname="backend.tests.test_new_features.TestSessionsVisibility" name="test_toggle_session_visibility_patch" time="0.370" /><testcase classname="backend.tests.test_new_features.TestSessionsVisibility" name="test_get_sessions_visible_only_filter" time="0.111" /><testcase classname="backend.tests.test_new_features.TestSessionsReorder" name="test_reorder_sessions_patch" time="0.359" /><testcase classname="backend.tests.test_new_features.TestTestimonialsCount" name="test_testimonials_total_count" time="0.116" /><testcase classname="backend.tests.test_new_features.TestTestimonialsCount" name="test_testimonials_type_distribution" time="0.117" /><testcase classname="backend.tests.test_new_features.TestTestimonialsTypeFilter" name="test_filter_graphic_testimonials" time="0.107" /><testcase classname="backend.tests.test_new_features.TestTestimonialsTypeFilter" name="test_filter_video_testimonials" time="0.114" /><testcase classname="backend.tests.test_new_features.TestTestimonialsSearch" name="test_search_testimonials_by_text" time="0.115" /><testcase classname="backend.tests.test_new_features.TestTestimonialsSearch" name="test_search_testimonials_case_insensitive" time="0.257" /><testcase classname="backend.tests.test_new_features.TestTestimonialsSearch" name="test_search_with_no_results" time="0.115" /><testcase classname="backend.tests.test_new_features.TestTestimonialsSearch" name="test_search_combined_with_type_filter" time="0.110" /><testcase classname="backend.tests.test_new_features.TestTestimonialsVisibility" name="test_toggle_testimonial_visibility" time="0.361" /><testcase classname="backend.tests.test_new_features.TestSiteSettingsGet" name="test_get_site_settings" time="0.123" /><testcase classname="backend.tests.test_new_features.TestSiteSettingsGet" name="test_settings_have_valid_font_values" time="0.105" /><testcase classname="backend.tests.test_new_features.TestSiteSettingsGet" name="test_settings_have_valid_size_values" time="0.099" /><testcase classname="backend.tests.test_new_features.TestSiteSettingsUpdate" name="test_update_site_settings" time="0.309" /><testcase classname="backend.tests.test_new_features.TestSiteSettingsUpdate" name="test_partial_update_settings" time="0.310" /><testcase classname="backend.tests.test_new_features.TestCRUDWithNewFields" name="test_create_program_with_visibility" time="0.222" /><testcase classname="backend.tests.test_new_features.TestCRUDWithNewFields" name="test_create_testimonial_with_type_graphic" time="0.243" /><testcase classname="backend.tests.test_new_features.TestCRUDWithNewFields" name="test_create_testimonial_with_type_video" time="0.223" /></testsuite></testsuites>